<HTML><BODY color="red">-- neuroPG Closed 04/25/14  5:10 PM
<HTML><BODY color="green">-- neuroPG Started 04/25/14  5:10 PM
<HTML><BODY color="green">-- neuroPG Started 04/25/14  5:10 PM
Test 1
<HTML><BODY color="blue">-- CameraWindow Started 04/25/14  5:16 PM
<HTML><BODY color="red">-- CameraWindow Closed 04/25/14  5:16 PM
<HTML><BODY color="blue">-- CameraWindow Started 04/25/14  5:17 PM
Test 2
Test 3
<HTML><BODY color="blue">-- CameraWindow Started 04/25/14  5:54 PM
<HTML><BODY color="red">-- CameraWindow Closed 04/25/14  5:55 PM
Test 4
<HTML><BODY color="green">-- neuroPG Started 04/28/14 11:54 AM
test
test 5
test 6
test 7
test 8
test 9
test 10
<HTML><BODY color="blue">-- CameraWindow Started 04/28/14 12:34 PM
<HTML><BODY color="red">-- CameraWindow Closed 04/28/14 12:35 PM
test 11
<HTML><BODY color="red">-- CameraWindow Closed 04/28/14 12:39 PM
<HTML><BODY color="blue">-- CameraWindow Started 04/28/14 12:39 PM
Test 12
<HTML><BODY color="red">-- CameraWindow Closed 04/28/14 12:40 PM
<HTML><BODY color="red">-- neuroPG Closed 04/28/14 12:40 PM
<HTML><BODY color="green">-- neuroPG Started 04/28/14  1:14 PM
<HTML><BODY color="blue">-- CameraWindow Started 04/28/14  1:15 PM
<HTML><BODY color="orange">-- Recording Video 04/28/14  1:15 PM
<HTML><BODY color="orange">-- Video Stopped 04/28/14  1:16 PM
<HTML><BODY color="orange">-- Video Saved 04/28/14  1:16 PM
Default
<HTML><BODY color="orange">-- Snapshot Saved 04/28/14  1:17 PM
Default-002 Bf.tif
<HTML><BODY color="red">-- CameraWindow Closed 04/28/14  1:17 PM
<HTML><BODY color="red">-- neuroPG Closed 04/28/14  1:17 PM
<HTML><BODY color="
<HTML><BODY color="purple">purple
<HTML><BODY color="orange">orange
<HTML><BODY color="gray">gray
<HTML><BODY color="navy">navy
<HTML><BODY color="peuce">peuce
<HTML><BODY color="taupe">taupe
<HTML><BODY color="darkblue">dark blue
<HTML><BODY color="pink">pink
<HTML><BODY color="magenta">magenta
<HTML><BODY color="yellow">yellow
<HTML><BODY color="white">white
<HTML><BODY color="brown">brown
<HTML><BODY color="cyan">cyan
<HTML><BODY color=ff0000>ff0000
<HTML><BODY color=00ff00>00ff00
<HTML><BODY color=0000ff>0000ff
<HTML><BODY color=558811>558811
<HTML><BODY color=999900>999900
<HTML><BODY color=880088>880088
<HTML><BODY color="green">-- neuroPG Started 04/28/14  1:37 PM
<HTML><BODY color="blue">-- CameraWindow Started 04/28/14  1:37 PM
<HTML><BODY color="gray">-- Snapshot Saved 04/28/14  1:37 PM
Default-003 Bf.tif
<HTML><BODY color="purple">-- Recording Video 04/28/14  1:38 PM
<HTML><BODY color="purple">-- Video Stopped 04/28/14  1:38 PM
<HTML><BODY color="gray">-- Video Saved 04/28/14  1:38 PM
Default
<HTML><BODY color="purple">-- Recording Video 04/28/14  1:39 PM
<HTML><BODY color="purple">-- Video Stopped 04/28/14  1:39 PM
<HTML><BODY color="gray">-- Video Saved 04/28/14  1:39 PM
<HTML><BODY color="purple">-- Recording Video 04/28/14  1:40 PM
<HTML><BODY color="purple">-- Video Stopped 04/28/14  1:40 PM
<HTML><BODY color="gray">-- Video Saved 04/28/14  1:40 PM
Default.avi
<HTML><BODY color="red">-- CameraWindow Closed 04/28/14  1:40 PM
<HTML><BODY color="red">-- neuroPG Closed 04/28/14  1:40 PM
<HTML><BODY color="green">-- neuroPG Started 04/28/14  3:17 PM
<HTML><BODY color="red">-- DAQ Monitoring Stopped 04/28/14  3:26 PM
<HTML><BODY color="red">-- neuroPG Closed 04/28/14  3:26 PM
<HTML><BODY color="green">-- neuroPG Started 04/28/14  3:27 PM
<HTML><BODY color="blue">-- DAQ Monitoring Started 04/28/14  3:27 PM
<HTML><BODY color="red">-- DAQ Monitoring Stopped 04/28/14  3:27 PM
<HTML><BODY color="blue">-- DAQ Monitoring Started 04/28/14  3:32 PM
<HTML><BODY color="red">-- DAQ Monitoring Stopped 04/28/14  3:32 PM
<HTML><BODY color="red">-- DAQ Monitoring Stopped 04/28/14  3:32 PM
<HTML><BODY color="red">-- neuroPG Closed 04/28/14  3:32 PM
<HTML><BODY color="green">-- neuroPG Started 04/28/14  3:37 PM
<HTML><BODY color="blue">-- DAQ Monitoring Started 04/28/14  3:37 PM
<HTML><BODY color="red">-- DAQ Monitoring Stopped 04/28/14  3:37 PM
<HTML><BODY color="blue">-- DAQ Monitoring Started 04/28/14  3:37 PM
<HTML><BODY color="red">-- DAQ Monitoring Stopped 04/28/14  3:37 PM
<HTML><BODY color="blue">-- DAQ Monitoring Started 04/28/14  3:37 PM
<HTML><BODY color="red">-- DAQ Monitoring Stopped 04/28/14  3:38 PM
<HTML><BODY color="red">-- neuroPG Closed 04/28/14  3:47 PM
<HTML><BODY color="green">-- neuroPG Started 04/28/14  3:48 PM
<HTML><BODY color="blue">-- DAQ Monitoring Started 04/28/14  3:48 PM
<HTML><BODY color="red">-- DAQ Monitoring Stopped 04/28/14  3:49 PM
<HTML><BODY color="blue">-- DAQ Monitoring Started 04/28/14  3:52 PM
<HTML><BODY color="red">-- DAQ Monitoring Stopped 04/28/14  3:56 PM
<HTML><BODY color="red">-- neuroPG Closed 04/28/14  3:56 PM
<HTML><BODY color="green">-- neuroPG Started 04/28/14  3:58 PM
<HTML><BODY color="red">-- neuroPG Closed 04/28/14  3:59 PM
<HTML><BODY color="green">-- neuroPG Started 04/28/14  5:25 PM
<HTML><BODY color="blue">-- Polygon400 Initialized 04/28/14  5:26 PM
<HTML><BODY color="blue">-- Polygon400 Initialized 04/28/14  5:28 PM
<HTML><BODY color="blue">-- Polygon400 Initialized 04/28/14  5:28 PM
<HTML><BODY color="red">-- neuroPG Closed 04/28/14  5:30 PM
<HTML><BODY color="green">-- neuroPG Started 04/29/14  3:03 PM
<HTML><BODY color="red">-- neuroPG Closed 04/29/14  3:04 PM
<HTML><BODY color="green">-- neuroPG Started 04/29/14  3:04 PM
<HTML><BODY color="red">-- neuroPG Closed 04/29/14  3:06 PM
<HTML><BODY color="green">-- neuroPG Started 04/29/14  3:07 PM
<HTML><BODY color="blue">-- Polygon400 Initialized 04/29/14  3:07 PM
<HTML><BODY color="blue">-- DAQ Monitoring Started 04/29/14  3:08 PM
<HTML><BODY color="red">-- CameraWindow Closed 04/29/14  3:12 PM
<HTML><BODY color="blue">-- CameraWindow Started 04/29/14  3:16 PM
<HTML><BODY color="red">-- CameraWindow Closed 04/29/14  3:21 PM
Degugging CameraWindow
CameraWindow figure misshaped
CameraWindow slider failure with less than 5 
properties
CameraWindow property slider failure for 
binary choices
<HTML><BODY color="blue">-- CameraWindow Started 04/29/14  3:27 PM
settings.resolution not changed by config
FrameRate not always valid property
<HTML><BODY color="red">-- CameraWindow Closed 04/29/14  3:40 PM
<HTML><BODY color="blue">-- CameraWindow Started 04/29/14  3:40 PM
FrameRate fixed
Slider fixed
<HTML><BODY color="red">-- CameraWindow Closed 04/29/14  3:41 PM
<HTML><BODY color="blue">-- CameraWindow Started 04/29/14  3:46 PM
<HTML><BODY color="red">-- CameraWindow Closed 04/29/14  3:48 PM
<HTML><BODY color="blue">-- CameraWindow Started 04/29/14  3:52 PM
figure and resolution fixed
<HTML><BODY color="red">-- CameraWindow Closed 04/29/14  3:52 PM
altering seconds for recording to "~xx 
seconds"
<HTML><BODY color="blue">-- CameraWindow Started 04/29/14  3:54 PM
<HTML><BODY color="purple">-- Recording Video 04/29/14  3:54 PM
<HTML><BODY color="purple">-- Video Stopped 04/29/14  3:54 PM
Video Recording Failed - checking
Not all profiles available in older MATLABs
adding check
<HTML><BODY color="purple">-- Recording Video 04/29/14  4:08 PM
<HTML><BODY color="purple">-- Video Stopped 04/29/14  4:09 PM
profiles fixed, frame rate error again
<HTML><BODY color="red">-- DAQ Monitoring Stopped 04/29/14  4:27 PM
<HTML><BODY color="red">-- neuroPG Closed 04/29/14  4:27 PM
<HTML><BODY color="green">-- neuroPG Started 04/29/14  4:27 PM
<HTML><BODY color="blue">-- DAQ Monitoring Started 04/29/14  4:27 PM
<HTML><BODY color="blue">-- Polygon400 Initialized 04/29/14  4:28 PM
<HTML><BODY color="blue">-- Polygon400 Initialized 04/29/14  4:28 PM
<HTML><BODY color="blue">-- CameraWindow Started 04/29/14  4:29 PM
<HTML><BODY color="purple">-- Recording Video 04/29/14  4:29 PM
<HTML><BODY color="purple">-- Video Stopped 04/29/14  4:29 PM
<HTML><BODY color="red">-- CameraWindow Closed 04/29/14  4:34 PM
<HTML><BODY color="blue">-- CameraWindow Started 04/29/14  4:34 PM
<HTML><BODY color="purple">-- Recording Video 04/29/14  4:34 PM
<HTML><BODY color="purple">-- Video Stopped 04/29/14  4:34 PM
<HTML><BODY color="gray">-- Video Saved 04/29/14  4:34 PM
Default.avi
Frame Rate error fixed, solution inellegant
<HTML><BODY color="blue">-- Polygon400 Initialized 04/29/14  4:42 PM
<HTML><BODY color="red">-- Polygon400 Released 04/29/14  4:43 PM
<HTML><BODY color="blue">-- Polygon400 Initialized 04/29/14  4:43 PM
<HTML><BODY color="red">-- Polygon400 Released 04/29/14  5:07 PM
<HTML><BODY color="blue">-- Polygon400 Initialized 04/29/14  5:07 PM
<HTML><BODY color="red">-- Polygon400 Released 04/29/14  5:21 PM
<HTML><BODY color="blue">-- Polygon400 Initialized 04/29/14  5:21 PM
<HTML><BODY color="red">-- Polygon400 Released 04/29/14  5:24 PM
<HTML><BODY color="blue">-- Polygon400 Initialized 04/29/14  5:24 PM
<HTML><BODY color="orange">-- Starting AutoStim 04/29/14  5:25 PM
9 Patterns
<HTML><BODY color="orange">-- Starting AutoStim 04/29/14  5:28 PM
9 Patterns
Record Time: 1000 ms
LED Color: Blue
LED Intensity: 100%
Pattern Exposure Time: 20ms
<HTML><BODY color="orange">-- Starting AutoStim 04/29/14  5:29 PM
9 Patterns
Record Time: 1000 ms
LED Color: Blue
LED Intensity: 100%
Pattern Exposure Time: 20ms
<HTML><BODY color="orange">-- Stimulation Complete
<HTML><BODY color="red">-- DAQ Monitoring Stopped 04/29/14  5:30 PM
<HTML><BODY color="red">-- CameraWindow Closed 04/29/14  5:33 PM
<HTML><BODY color="red">-- Polygon400 Released 04/29/14  5:33 PM
<HTML><BODY color="red">-- neuroPG Closed 04/29/14  5:33 PM
<HTML><BODY color="green">-- neuroPG Started 04/29/14  5:33 PM
<HTML><BODY color="blue">-- DAQ Monitoring Started 04/29/14  5:33 PM
<HTML><BODY color="blue">-- Polygon400 Initialized 04/29/14  5:34 PM
<HTML><BODY color="blue">-- CameraWindow Started 04/29/14  5:34 PM
<HTML><BODY color="orange">-- Starting AutoStim 04/29/14  5:34 PM
9 Patterns
Record Time: 1000 ms
LED Color: Blue
LED Intensity: 100%
Pattern Exposure Time: 20ms
<HTML><BODY color="orange">-- Stimulation Complete
<HTML><BODY color="orange">-- Data Saved
C:\neuroPG\Default - traces.m
<HTML><BODY color="orange">-- Starting HeatMap
<HTML><BODY color="orange">-- Starting AutoStim 04/29/14  5:37 PM
9 Patterns
Record Time: 1000 ms
LED Color: Blue
LED Intensity: 100%
Pattern Exposure Time: 20ms
<HTML><BODY color="orange">-- Stimulation Complete
<HTML><BODY color="orange">-- Data Saved
C:\neuroPG\Default - traces.m
<HTML><BODY color="orange">-- Starting HeatMap
<HTML><BODY color="orange">-- Starting AutoStim 04/29/14  5:38 PM
9 Patterns
Record Time: 1000 ms
LED Color: Blue
LED Intensity: 100%
Pattern Exposure Time: 20ms
<HTML><BODY color="orange">-- Stimulation Complete
<HTML><BODY color="orange">-- Data Saved
C:\neuroPG\Default - traces.m
<HTML><BODY color="orange">-- Starting HeatMap
<HTML><BODY color="purple">-- Starting AutoStim 04/29/14  5:41 PM
9 Patterns
Record Time: 1000 ms
LED Color: Blue
LED Intensity: 100%
Pattern Exposure Time: 20ms
<HTML><BODY color="purple">-- Stimulation Complete
<HTML><BODY color="gray">-- Data Saved
C:\neuroPG\Default - traces.m
<HTML><BODY color="orange">-- Starting HeatMap
<HTML><BODY color="purple">-- Starting AutoStim 04/29/14  5:42 PM
9 Patterns
Record Time: 1000 ms
LED Color: Blue
LED Intensity: 100%
Pattern Exposure Time: 20ms
<HTML><BODY color="purple">-- Stimulation Complete
<HTML><BODY color="gray">-- Data Saved
C:\neuroPG\Default - traces.m
<HTML><BODY color="purple">-- Starting nPGHeatMap
<HTML><BODY color="red">-- CameraWindow Closed 04/29/14  5:43 PM
<HTML><BODY color="red">-- DAQ Monitoring Stopped 04/29/14  5:43 PM
<HTML><BODY color="red">-- Polygon400 Released 04/29/14  5:43 PM
<HTML><BODY color="red">-- neuroPG Closed 04/29/14  5:43 PM
<HTML><BODY color="green">-- neuroPG Started 04/29/14  5:43 PM
<HTML><BODY color="blue">-- CameraWindow Started 04/29/14  5:43 PM
<HTML><BODY color="blue">-- Polygon400 Initialized 04/29/14  5:43 PM
<HTML><BODY color="blue">-- DAQ Monitoring Started 04/29/14  5:43 PM
<HTML><BODY color="purple">-- Starting AutoStim 04/29/14  5:44 PM
9 Patterns
Record Time: 1000 ms
LED Color: Blue
LED Intensity: 100%
Pattern Exposure Time: 20ms
<HTML><BODY color="purple">-- Stimulation Complete
<HTML><BODY color="gray">-- Data Saved
C:\neuroPG\Default - traces.m
<HTML><BODY color="purple">-- Starting nPGHeatMap
<HTML><BODY color="red">-- CameraWindow Closed 04/29/14  5:45 PM
<HTML><BODY color="red">-- DAQ Monitoring Stopped 04/29/14  5:45 PM
<HTML><BODY color="red">-- Polygon400 Released 04/29/14  5:45 PM
<HTML><BODY color="red">-- neuroPG Closed 04/29/14  5:45 PM
Its Working!   -Ben
<HTML><BODY color="green">-- neuroPG Started 04/30/14  3:13 PM
<HTML><BODY color="blue">-- CameraWindow Started 04/30/14  3:15 PM
<HTML><BODY color="blue">-- Polygon400 Initialized 04/30/14  3:29 PM
<HTML><BODY color="blue">-- DAQ Monitoring Started 04/30/14  3:30 PM
<HTML><BODY color="purple">-- Starting AutoStim 04/30/14  3:30 PM
1 Patterns
Record Time: 1000 ms
LED Color: Blue
LED Intensity: 100%
Pattern Exposure Time: 2000 ms
<HTML><BODY color="purple">-- Stimulation Complete
<HTML><BODY color="gray">-- Data Saved
C:\neuroPG\Default - traces.m
<HTML><BODY color="purple">-- Starting nPGHeatMap
<HTML><BODY color="purple">-- Starting AutoStim 04/30/14  3:31 PM
1 Patterns
Record Time: 2000 ms
LED Color: Blue
LED Intensity: 50%
Pattern Exposure Time: 2000 ms
<HTML><BODY color="purple">-- Stimulation Complete
<HTML><BODY color="gray">-- Data Saved
C:\neuroPG\Default - traces.m
<HTML><BODY color="purple">-- Starting nPGHeatMap
<HTML><BODY color="purple">-- Starting AutoStim 04/30/14  3:32 PM
9 Patterns
Record Time: 2000 ms
LED Color: Blue
LED Intensity: 50%
Pattern Exposure Time: 2000 ms
<HTML><BODY color="purple">-- Stimulation Complete
<HTML><BODY color="gray">-- Data Saved
C:\neuroPG\Default - traces.m
<HTML><BODY color="purple">-- Starting nPGHeatMap
nPGHeatMap bug with only one pattern
Displays function name as second pattern
Regions are properly aligned as configured
Upload Patterns
error line 1431 - matrix dimensions
<HTML><BODY color="purple">-- Starting AutoStim 04/30/14  3:47 PM
2 Patterns
Record Time: 2000 ms
LED Color: Blue
LED Intensity: 50%
Pattern Exposure Time: 2000 ms
<HTML><BODY color="purple">-- Stimulation Complete
<HTML><BODY color="gray">-- Data Saved
C:\neuroPG\Default - traces.m
<HTML><BODY color="purple">-- Starting nPGHeatMap
<HTML><BODY color="purple">-- Starting AutoStim 04/30/14  4:05 PM
4 Patterns
Record Time: 2000 ms
LED Color: Blue
LED Intensity: 100%
Pattern Exposure Time: 2000 ms
<HTML><BODY color="purple">-- Stimulation Complete
<HTML><BODY color="gray">-- Data Saved
C:\neuroPG\Default - traces.m
<HTML><BODY color="purple">-- Starting nPGHeatMap
<HTML><BODY color="red">-- Polygon400 Released 04/30/14  4:41 PM
<HTML><BODY color="blue">-- Polygon400 Initialized 04/30/14  4:42 PM
<HTML><BODY color="purple">-- Starting AutoStim 04/30/14  4:55 PM
9 Patterns
Record Time: 2000 ms
LED Color: Blue
LED Intensity: 100%
Pattern Exposure Time: 2000 ms
<HTML><BODY color="purple">-- Stimulation Complete
<HTML><BODY color="gray">-- Data Saved
C:\neuroPG\Default - traces.m
<HTML><BODY color="purple">-- Starting nPGHeatMap
<HTML><BODY color="red">-- Polygon400 Released 04/30/14  4:59 PM
<HTML><BODY color="blue">-- Polygon400 Initialized 04/30/14  4:59 PM
<HTML><BODY color="red">-- Polygon400 Released 04/30/14  5:00 PM
<HTML><BODY color="blue">-- Polygon400 Initialized 04/30/14  5:00 PM
<HTML><BODY color="red">-- Polygon400 Released 04/30/14  5:03 PM
<HTML><BODY color="blue">-- Polygon400 Initialized 04/30/14  5:03 PM
<HTML><BODY color="red">-- CameraWindow Closed 04/30/14  5:49 PM
<HTML><BODY color="blue">-- CameraWindow Started 04/30/14  5:49 PM
<HTML><BODY color="red">-- CameraWindow Closed 04/30/14  5:50 PM
<HTML><BODY color="red">-- DAQ Monitoring Stopped 04/30/14  5:50 PM
<HTML><BODY color="red">-- Polygon400 Released 04/30/14  5:50 PM
<HTML><BODY color="red">-- neuroPG Closed 04/30/14  5:50 PM
<HTML><BODY color="green">-- neuroPG Started 05/01/14 12:58 PM
<HTML><BODY color="blue">-- CameraWindow Started 05/01/14 12:58 PM
<HTML><BODY color="red">-- CameraWindow Closed 05/01/14  1:00 PM
<HTML><BODY color="red">-- neuroPG Closed 05/01/14  1:00 PM
<HTML><BODY color="green">-- neuroPG Started 05/01/14  1:00 PM
<HTML><BODY color="blue">-- CameraWindow Started 05/01/14  1:00 PM
<HTML><BODY color="red">-- CameraWindow Closed 05/01/14  1:01 PM
<HTML><BODY color="red">-- neuroPG Closed 05/01/14  1:01 PM
<HTML><BODY color="green">-- neuroPG Started 05/01/14  1:02 PM
<HTML><BODY color="blue">-- CameraWindow Started 05/01/14  1:02 PM
<HTML><BODY color="blue">-- Polygon400 Initialized 05/01/14  1:03 PM
<HTML><BODY color="blue">-- DAQ Monitoring Started 05/01/14  1:03 PM
<HTML><BODY color="purple">-- Starting AutoStim 05/01/14  1:18 PM
5 Patterns
Record Time: 1000 ms
LED Color: Blue
LED Intensity: 100%
Pattern Exposure Time: 2000 ms
<HTML><BODY color="purple">-- Stimulation Complete
<HTML><BODY color="gray">-- Data Saved
C:\neuroPG\Default - traces.m
<HTML><BODY color="purple">-- Starting nPGHeatMap
<HTML><BODY color="purple">-- Starting AutoStim 05/01/14  1:19 PM
5 Patterns
Record Time: 1000 ms
LED Color: Blue
LED Intensity: 100%
Pattern Exposure Time: 20 ms
<HTML><BODY color="purple">-- Stimulation Complete
<HTML><BODY color="gray">-- Data Saved
C:\neuroPG\Default - traces.m
<HTML><BODY color="purple">-- Starting nPGHeatMap
Cell blah other blah
<HTML><BODY color="purple">-- Starting AutoStim 05/01/14  2:07 PM
9 Patterns
Record Time: 1000 ms
LED Color: Blue
LED Intensity: 100%
Pattern Exposure Time: 2000 ms
<HTML><BODY color="purple">-- Stimulation Complete
<HTML><BODY color="gray">-- Data Saved
C:\neuroPG\Default - traces.m
<HTML><BODY color="purple">-- Starting nPGHeatMap
<HTML><BODY color="purple">-- Starting AutoStim 05/01/14  2:08 PM
9 Patterns
Record Time: 1000 ms
LED Color: Blue
LED Intensity: 100%
Pattern Exposure Time: 20 ms
<HTML><BODY color="purple">-- Stimulation Complete
<HTML><BODY color="gray">-- Data Saved
C:\neuroPG\Default - traces.m
<HTML><BODY color="purple">-- Starting nPGHeatMap
<HTML><BODY color="red">-- CameraWindow Closed 05/01/14  2:09 PM
<HTML><BODY color="red">-- DAQ Monitoring Stopped 05/01/14  2:09 PM
<HTML><BODY color="red">-- Polygon400 Released 05/01/14  2:09 PM
<HTML><BODY color="red">-- neuroPG Closed 05/01/14  2:09 PM
<HTML><BODY color="green">-- neuroPG Started 06/03/14 11:46 AM
<HTML><BODY color="blue">-- DAQ Monitoring Started 06/03/14 11:47 AM
<HTML><BODY color="blue">-- CameraWindow Started 06/03/14 11:47 AM
<HTML><BODY color="blue">-- Polygon400 Initialized 06/03/14 11:48 AM
<HTML><BODY color="purple">-- Starting AutoStim 06/03/14 12:01 PM
9 Patterns
Record Time: 1000 ms
LED Color: Blue
LED Intensity: 100%
Pattern Exposure Time: 500 ms
<HTML><BODY color="purple">-- Stimulation Complete
<HTML><BODY color="gray">-- Data Saved
C:\neuroPG\Default - traces.m
<HTML><BODY color="purple">-- Starting nPGHeatMap
<HTML><BODY color="red">-- DAQ Monitoring Stopped 06/03/14 12:43 PM
<HTML><BODY color="blue">-- DAQ Monitoring Started 06/03/14 12:43 PM
<HTML><BODY color="red">-- DAQ Monitoring Stopped 06/03/14 12:47 PM
<HTML><BODY color="blue">-- DAQ Monitoring Started 06/03/14 12:47 PM
<HTML><BODY color="red">-- CameraWindow Closed 06/03/14 12:59 PM
<HTML><BODY color="red">-- DAQ Monitoring Stopped 06/03/14 12:59 PM
<HTML><BODY color="red">-- Polygon400 Released 06/03/14 12:59 PM
<HTML><BODY color="red">-- neuroPG Closed 06/03/14 12:59 PM
<HTML><BODY color="blue">-- CameraWindow Started 06/03/14  1:09 PM
<HTML><BODY color="purple">-- Recording Video 06/03/14  1:10 PM
<HTML><BODY color="purple">-- Video Stopped 06/03/14  1:11 PM
<HTML><BODY color="gray">-- Video Saved 06/03/14  1:11 PM
Default.avi
<HTML><BODY color="red">-- CameraWindow Closed 06/03/14  1:14 PM
